2022-05-05 12:04:37 notice: Notice (1024): Undefined property: AccountTypesController::$AccountTypes in C:\web\xampp\htdocs\wedding-planner\src\Controller\AccountTypesController.php on line 21 in [C:\web\xampp\htdocs\wedding-planner\vendor\cakephp\cakephp\src\Controller\Controller.php, line 329]
Request URL: /accounttypes
Trace:
Cake\Error\BaseErrorHandler::handleError() - CORE\src\Error\BaseErrorHandler.php, line 185
DebugKit\Plugin::DebugKit\{closure}() - ROOT\vendor\cakephp\debug_kit\src\Plugin.php, line 123
Cake\Controller\Controller::__get() - CORE\src\Controller\Controller.php, line 329
App\Controller\AccountTypesController::index() - APP/Controller\AccountTypesController.php, line 21
Cake\Controller\Controller::invokeAction() - CORE\src\Controller\Controller.php, line 539
Cake\Controller\ControllerFactory::handle() - CORE\src\Controller\ControllerFactory.php, line 140
Cake\Controller\ControllerFactory::invoke() - CORE\src\Controller\ControllerFactory.php, line 115
Cake\Http\BaseApplication::handle() - CORE\src\Http\BaseApplication.php, line 317
Cake\Http\Runner::handle() - CORE\src\Http\Runner.php, line 77
Cake\Http\Middleware\CsrfProtectionMiddleware::process() - CORE\src\Http\Middleware\CsrfProtectionMiddleware.php, line 174
Cake\Http\Runner::handle() - CORE\src\Http\Runner.php, line 73
Cake\Http\Middleware\BodyParserMiddleware::process() - CORE\src\Http\Middleware\BodyParserMiddleware.php, line 157
Cake\Http\Runner::handle() - CORE\src\Http\Runner.php, line 73
Cake\Routing\Middleware\RoutingMiddleware::process() - CORE\src\Routing\Middleware\RoutingMiddleware.php, line 161
Cake\Http\Runner::handle() - CORE\src\Http\Runner.php, line 73
Cake\Routing\Middleware\AssetMiddleware::process() - CORE\src\Routing\Middleware\AssetMiddleware.php, line 68
Cake\Http\Runner::handle() - CORE\src\Http\Runner.php, line 73
Cake\Error\Middleware\ErrorHandlerMiddleware::process() - CORE\src\Error\Middleware\ErrorHandlerMiddleware.php, line 126
Cake\Http\Runner::handle() - CORE\src\Http\Runner.php, line 73
DebugKit\Middleware\DebugKitMiddleware::process() - ROOT\vendor\cakephp\debug_kit\src\Middleware\DebugKitMiddleware.php, line 60
Cake\Http\Runner::handle() - CORE\src\Http\Runner.php, line 73
Cake\Http\Runner::run() - CORE\src\Http\Runner.php, line 58
Cake\Http\Server::run() - CORE\src\Http\Server.php, line 90
[main] - ROOT\webroot\index.php, line 40

2022-05-05 12:04:49 notice: Notice (1024): Undefined property: AccountTypesController::$AccountTypes in C:\web\xampp\htdocs\wedding-planner\src\Controller\AccountTypesController.php on line 49 in [C:\web\xampp\htdocs\wedding-planner\vendor\cakephp\cakephp\src\Controller\Controller.php, line 329]
Request URL: /accounttypes/add
Referer URL: http://localhost/wedding-planner/accounttypes
Trace:
Cake\Error\BaseErrorHandler::handleError() - CORE\src\Error\BaseErrorHandler.php, line 185
DebugKit\Plugin::DebugKit\{closure}() - ROOT\vendor\cakephp\debug_kit\src\Plugin.php, line 123
Cake\Controller\Controller::__get() - CORE\src\Controller\Controller.php, line 329
App\Controller\AccountTypesController::add() - APP/Controller\AccountTypesController.php, line 49
Cake\Controller\Controller::invokeAction() - CORE\src\Controller\Controller.php, line 539
Cake\Controller\ControllerFactory::handle() - CORE\src\Controller\ControllerFactory.php, line 140
Cake\Controller\ControllerFactory::invoke() - CORE\src\Controller\ControllerFactory.php, line 115
Cake\Http\BaseApplication::handle() - CORE\src\Http\BaseApplication.php, line 317
Cake\Http\Runner::handle() - CORE\src\Http\Runner.php, line 77
Cake\Http\Middleware\CsrfProtectionMiddleware::process() - CORE\src\Http\Middleware\CsrfProtectionMiddleware.php, line 174
Cake\Http\Runner::handle() - CORE\src\Http\Runner.php, line 73
Cake\Http\Middleware\BodyParserMiddleware::process() - CORE\src\Http\Middleware\BodyParserMiddleware.php, line 157
Cake\Http\Runner::handle() - CORE\src\Http\Runner.php, line 73
Cake\Routing\Middleware\RoutingMiddleware::process() - CORE\src\Routing\Middleware\RoutingMiddleware.php, line 161
Cake\Http\Runner::handle() - CORE\src\Http\Runner.php, line 73
Cake\Routing\Middleware\AssetMiddleware::process() - CORE\src\Routing\Middleware\AssetMiddleware.php, line 68
Cake\Http\Runner::handle() - CORE\src\Http\Runner.php, line 73
Cake\Error\Middleware\ErrorHandlerMiddleware::process() - CORE\src\Error\Middleware\ErrorHandlerMiddleware.php, line 126
Cake\Http\Runner::handle() - CORE\src\Http\Runner.php, line 73
DebugKit\Middleware\DebugKitMiddleware::process() - ROOT\vendor\cakephp\debug_kit\src\Middleware\DebugKitMiddleware.php, line 60
Cake\Http\Runner::handle() - CORE\src\Http\Runner.php, line 73
Cake\Http\Runner::run() - CORE\src\Http\Runner.php, line 58
Cake\Http\Server::run() - CORE\src\Http\Server.php, line 90
[main] - ROOT\webroot\index.php, line 40

2022-05-05 12:04:52 notice: Notice (1024): Undefined property: AccountTypesController::$AccountTypes in C:\web\xampp\htdocs\wedding-planner\src\Controller\AccountTypesController.php on line 21 in [C:\web\xampp\htdocs\wedding-planner\vendor\cakephp\cakephp\src\Controller\Controller.php, line 329]
Request URL: /accounttypes
Trace:
Cake\Error\BaseErrorHandler::handleError() - CORE\src\Error\BaseErrorHandler.php, line 185
DebugKit\Plugin::DebugKit\{closure}() - ROOT\vendor\cakephp\debug_kit\src\Plugin.php, line 123
Cake\Controller\Controller::__get() - CORE\src\Controller\Controller.php, line 329
App\Controller\AccountTypesController::index() - APP/Controller\AccountTypesController.php, line 21
Cake\Controller\Controller::invokeAction() - CORE\src\Controller\Controller.php, line 539
Cake\Controller\ControllerFactory::handle() - CORE\src\Controller\ControllerFactory.php, line 140
Cake\Controller\ControllerFactory::invoke() - CORE\src\Controller\ControllerFactory.php, line 115
Cake\Http\BaseApplication::handle() - CORE\src\Http\BaseApplication.php, line 317
Cake\Http\Runner::handle() - CORE\src\Http\Runner.php, line 77
Cake\Http\Middleware\CsrfProtectionMiddleware::process() - CORE\src\Http\Middleware\CsrfProtectionMiddleware.php, line 174
Cake\Http\Runner::handle() - CORE\src\Http\Runner.php, line 73
Cake\Http\Middleware\BodyParserMiddleware::process() - CORE\src\Http\Middleware\BodyParserMiddleware.php, line 157
Cake\Http\Runner::handle() - CORE\src\Http\Runner.php, line 73
Cake\Routing\Middleware\RoutingMiddleware::process() - CORE\src\Routing\Middleware\RoutingMiddleware.php, line 161
Cake\Http\Runner::handle() - CORE\src\Http\Runner.php, line 73
Cake\Routing\Middleware\AssetMiddleware::process() - CORE\src\Routing\Middleware\AssetMiddleware.php, line 68
Cake\Http\Runner::handle() - CORE\src\Http\Runner.php, line 73
Cake\Error\Middleware\ErrorHandlerMiddleware::process() - CORE\src\Error\Middleware\ErrorHandlerMiddleware.php, line 126
Cake\Http\Runner::handle() - CORE\src\Http\Runner.php, line 73
DebugKit\Middleware\DebugKitMiddleware::process() - ROOT\vendor\cakephp\debug_kit\src\Middleware\DebugKitMiddleware.php, line 60
Cake\Http\Runner::handle() - CORE\src\Http\Runner.php, line 73
Cake\Http\Runner::run() - CORE\src\Http\Runner.php, line 58
Cake\Http\Server::run() - CORE\src\Http\Server.php, line 90
[main] - ROOT\webroot\index.php, line 40

2022-05-05 12:58:56 notice: Notice (1024): Undefined property: OffersController::$Offers in C:\xampp\htdocs\wedding-planner\src\Controller\OffersController.php on line 24 in [C:\xampp\htdocs\wedding-planner\vendor\cakephp\cakephp\src\Controller\Controller.php, line 329]
Request URL: /OFFERS
Client IP: 127.0.0.1
Trace:
Cake\Error\BaseErrorHandler::handleError() - CORE\src\Error\BaseErrorHandler.php, line 185
DebugKit\Plugin::DebugKit\{closure}() - ROOT\vendor\cakephp\debug_kit\src\Plugin.php, line 123
Cake\Controller\Controller::__get() - CORE\src\Controller\Controller.php, line 329
App\Controller\OffersController::index() - APP/Controller\OffersController.php, line 24
Cake\Controller\Controller::invokeAction() - CORE\src\Controller\Controller.php, line 539
Cake\Controller\ControllerFactory::handle() - CORE\src\Controller\ControllerFactory.php, line 140
Cake\Controller\ControllerFactory::invoke() - CORE\src\Controller\ControllerFactory.php, line 115
Cake\Http\BaseApplication::handle() - CORE\src\Http\BaseApplication.php, line 317
Cake\Http\Runner::handle() - CORE\src\Http\Runner.php, line 77
Cake\Http\Middleware\CsrfProtectionMiddleware::process() - CORE\src\Http\Middleware\CsrfProtectionMiddleware.php, line 174
Cake\Http\Runner::handle() - CORE\src\Http\Runner.php, line 73
Cake\Http\Middleware\BodyParserMiddleware::process() - CORE\src\Http\Middleware\BodyParserMiddleware.php, line 157
Cake\Http\Runner::handle() - CORE\src\Http\Runner.php, line 73
Authentication\Middleware\AuthenticationMiddleware::process() - ROOT\vendor\cakephp\authentication\src\Middleware\AuthenticationMiddleware.php, line 124
Cake\Http\Runner::handle() - CORE\src\Http\Runner.php, line 73
Cake\Routing\Middleware\RoutingMiddleware::process() - CORE\src\Routing\Middleware\RoutingMiddleware.php, line 161
Cake\Http\Runner::handle() - CORE\src\Http\Runner.php, line 73
Cake\Error\Middleware\ErrorHandlerMiddleware::process() - CORE\src\Error\Middleware\ErrorHandlerMiddleware.php, line 126
Cake\Http\Runner::handle() - CORE\src\Http\Runner.php, line 73
Cake\Routing\Middleware\AssetMiddleware::process() - CORE\src\Routing\Middleware\AssetMiddleware.php, line 68
Cake\Http\Runner::handle() - CORE\src\Http\Runner.php, line 73
DebugKit\Middleware\DebugKitMiddleware::process() - ROOT\vendor\cakephp\debug_kit\src\Middleware\DebugKitMiddleware.php, line 60
Cake\Http\Runner::handle() - CORE\src\Http\Runner.php, line 73
Cake\Http\Runner::run() - CORE\src\Http\Runner.php, line 58
Cake\Http\Server::run() - CORE\src\Http\Server.php, line 90
[main] - ROOT\webroot\index.php, line 40

2022-05-05 13:08:16 info: Cake Authorization plugin is enabled. If you would like to force DebugKit to ignore it, set `DebugKit.ignoreAuthorization`  Configure option to true.
2022-05-05 13:08:22 info: Cake Authorization plugin is enabled. If you would like to force DebugKit to ignore it, set `DebugKit.ignoreAuthorization`  Configure option to true.
2022-05-05 13:09:33 info: Cake Authorization plugin is enabled. If you would like to force DebugKit to ignore it, set `DebugKit.ignoreAuthorization`  Configure option to true.
2022-05-05 13:11:49 info: Cake Authorization plugin is enabled. If you would like to force DebugKit to ignore it, set `DebugKit.ignoreAuthorization`  Configure option to true.
2022-05-05 13:13:23 info: Cake Authorization plugin is enabled. If you would like to force DebugKit to ignore it, set `DebugKit.ignoreAuthorization`  Configure option to true.
2022-05-05 13:13:31 info: Cake Authorization plugin is enabled. If you would like to force DebugKit to ignore it, set `DebugKit.ignoreAuthorization`  Configure option to true.
2022-05-05 13:13:53 info: Cake Authorization plugin is enabled. If you would like to force DebugKit to ignore it, set `DebugKit.ignoreAuthorization`  Configure option to true.
2022-05-05 13:14:15 info: Cake Authorization plugin is enabled. If you would like to force DebugKit to ignore it, set `DebugKit.ignoreAuthorization`  Configure option to true.
2022-05-05 13:15:57 info: Cake Authorization plugin is enabled. If you would like to force DebugKit to ignore it, set `DebugKit.ignoreAuthorization`  Configure option to true.
2022-05-05 13:16:05 notice: Notice (1024): Undefined property: OffersController::$Offers in C:\xampp\htdocs\wedding-planner\src\Controller\OffersController.php on line 24 in [C:\xampp\htdocs\wedding-planner\vendor\cakephp\cakephp\src\Controller\Controller.php, line 329]
Request URL: /OFFERS
Client IP: 127.0.0.1
Trace:
Cake\Error\BaseErrorHandler::handleError() - CORE\src\Error\BaseErrorHandler.php, line 185
DebugKit\Plugin::DebugKit\{closure}() - ROOT\vendor\cakephp\debug_kit\src\Plugin.php, line 123
Cake\Controller\Controller::__get() - CORE\src\Controller\Controller.php, line 329
App\Controller\OffersController::index() - APP/Controller\OffersController.php, line 24
Cake\Controller\Controller::invokeAction() - CORE\src\Controller\Controller.php, line 539
Cake\Controller\ControllerFactory::handle() - CORE\src\Controller\ControllerFactory.php, line 140
Cake\Controller\ControllerFactory::invoke() - CORE\src\Controller\ControllerFactory.php, line 115
Cake\Http\BaseApplication::handle() - CORE\src\Http\BaseApplication.php, line 317
Cake\Http\Runner::handle() - CORE\src\Http\Runner.php, line 77
Cake\Http\Middleware\CsrfProtectionMiddleware::process() - CORE\src\Http\Middleware\CsrfProtectionMiddleware.php, line 174
Cake\Http\Runner::handle() - CORE\src\Http\Runner.php, line 73
Cake\Http\Middleware\BodyParserMiddleware::process() - CORE\src\Http\Middleware\BodyParserMiddleware.php, line 157
Cake\Http\Runner::handle() - CORE\src\Http\Runner.php, line 73
Authorization\Middleware\AuthorizationMiddleware::process() - ROOT\vendor\cakephp\authorization\src\Middleware\AuthorizationMiddleware.php, line 129
Cake\Http\Runner::handle() - CORE\src\Http\Runner.php, line 73
Authentication\Middleware\AuthenticationMiddleware::process() - ROOT\vendor\cakephp\authentication\src\Middleware\AuthenticationMiddleware.php, line 124
Cake\Http\Runner::handle() - CORE\src\Http\Runner.php, line 73
Cake\Routing\Middleware\RoutingMiddleware::process() - CORE\src\Routing\Middleware\RoutingMiddleware.php, line 161
Cake\Http\Runner::handle() - CORE\src\Http\Runner.php, line 73
Cake\Error\Middleware\ErrorHandlerMiddleware::process() - CORE\src\Error\Middleware\ErrorHandlerMiddleware.php, line 126
Cake\Http\Runner::handle() - CORE\src\Http\Runner.php, line 73
Cake\Routing\Middleware\AssetMiddleware::process() - CORE\src\Routing\Middleware\AssetMiddleware.php, line 68
Cake\Http\Runner::handle() - CORE\src\Http\Runner.php, line 73
DebugKit\Middleware\DebugKitMiddleware::process() - ROOT\vendor\cakephp\debug_kit\src\Middleware\DebugKitMiddleware.php, line 60
Cake\Http\Runner::handle() - CORE\src\Http\Runner.php, line 73
Cake\Http\Runner::run() - CORE\src\Http\Runner.php, line 58
Cake\Http\Server::run() - CORE\src\Http\Server.php, line 90
[main] - ROOT\webroot\index.php, line 40

2022-05-05 13:16:06 info: Cake Authorization plugin is enabled. If you would like to force DebugKit to ignore it, set `DebugKit.ignoreAuthorization`  Configure option to true.
2022-05-05 13:16:13 notice: Notice (1024): Undefined property: OffersController::$Offers in C:\xampp\htdocs\wedding-planner\src\Controller\OffersController.php on line 24 in [C:\xampp\htdocs\wedding-planner\vendor\cakephp\cakephp\src\Controller\Controller.php, line 329]
Request URL: /OFFERS
Client IP: 127.0.0.1
Trace:
Cake\Error\BaseErrorHandler::handleError() - CORE\src\Error\BaseErrorHandler.php, line 185
DebugKit\Plugin::DebugKit\{closure}() - ROOT\vendor\cakephp\debug_kit\src\Plugin.php, line 123
Cake\Controller\Controller::__get() - CORE\src\Controller\Controller.php, line 329
App\Controller\OffersController::index() - APP/Controller\OffersController.php, line 24
Cake\Controller\Controller::invokeAction() - CORE\src\Controller\Controller.php, line 539
Cake\Controller\ControllerFactory::handle() - CORE\src\Controller\ControllerFactory.php, line 140
Cake\Controller\ControllerFactory::invoke() - CORE\src\Controller\ControllerFactory.php, line 115
Cake\Http\BaseApplication::handle() - CORE\src\Http\BaseApplication.php, line 317
Cake\Http\Runner::handle() - CORE\src\Http\Runner.php, line 77
Cake\Http\Middleware\CsrfProtectionMiddleware::process() - CORE\src\Http\Middleware\CsrfProtectionMiddleware.php, line 174
Cake\Http\Runner::handle() - CORE\src\Http\Runner.php, line 73
Cake\Http\Middleware\BodyParserMiddleware::process() - CORE\src\Http\Middleware\BodyParserMiddleware.php, line 157
Cake\Http\Runner::handle() - CORE\src\Http\Runner.php, line 73
Authorization\Middleware\AuthorizationMiddleware::process() - ROOT\vendor\cakephp\authorization\src\Middleware\AuthorizationMiddleware.php, line 129
Cake\Http\Runner::handle() - CORE\src\Http\Runner.php, line 73
Authentication\Middleware\AuthenticationMiddleware::process() - ROOT\vendor\cakephp\authentication\src\Middleware\AuthenticationMiddleware.php, line 124
Cake\Http\Runner::handle() - CORE\src\Http\Runner.php, line 73
Cake\Routing\Middleware\RoutingMiddleware::process() - CORE\src\Routing\Middleware\RoutingMiddleware.php, line 161
Cake\Http\Runner::handle() - CORE\src\Http\Runner.php, line 73
Cake\Error\Middleware\ErrorHandlerMiddleware::process() - CORE\src\Error\Middleware\ErrorHandlerMiddleware.php, line 126
Cake\Http\Runner::handle() - CORE\src\Http\Runner.php, line 73
Cake\Routing\Middleware\AssetMiddleware::process() - CORE\src\Routing\Middleware\AssetMiddleware.php, line 68
Cake\Http\Runner::handle() - CORE\src\Http\Runner.php, line 73
DebugKit\Middleware\DebugKitMiddleware::process() - ROOT\vendor\cakephp\debug_kit\src\Middleware\DebugKitMiddleware.php, line 60
Cake\Http\Runner::handle() - CORE\src\Http\Runner.php, line 73
Cake\Http\Runner::run() - CORE\src\Http\Runner.php, line 58
Cake\Http\Server::run() - CORE\src\Http\Server.php, line 90
[main] - ROOT\webroot\index.php, line 40

2022-05-05 13:16:16 info: Cake Authorization plugin is enabled. If you would like to force DebugKit to ignore it, set `DebugKit.ignoreAuthorization`  Configure option to true.
2022-05-05 13:16:38 notice: Notice (1024): Undefined property: OffersController::$Offers in C:\xampp\htdocs\wedding-planner\src\Controller\OffersController.php on line 24 in [C:\xampp\htdocs\wedding-planner\vendor\cakephp\cakephp\src\Controller\Controller.php, line 329]
Request URL: /OFFERS
Client IP: 127.0.0.1
Trace:
Cake\Error\BaseErrorHandler::handleError() - CORE\src\Error\BaseErrorHandler.php, line 185
DebugKit\Plugin::DebugKit\{closure}() - ROOT\vendor\cakephp\debug_kit\src\Plugin.php, line 123
Cake\Controller\Controller::__get() - CORE\src\Controller\Controller.php, line 329
App\Controller\OffersController::index() - APP/Controller\OffersController.php, line 24
Cake\Controller\Controller::invokeAction() - CORE\src\Controller\Controller.php, line 539
Cake\Controller\ControllerFactory::handle() - CORE\src\Controller\ControllerFactory.php, line 140
Cake\Controller\ControllerFactory::invoke() - CORE\src\Controller\ControllerFactory.php, line 115
Cake\Http\BaseApplication::handle() - CORE\src\Http\BaseApplication.php, line 317
Cake\Http\Runner::handle() - CORE\src\Http\Runner.php, line 77
Cake\Http\Middleware\CsrfProtectionMiddleware::process() - CORE\src\Http\Middleware\CsrfProtectionMiddleware.php, line 174
Cake\Http\Runner::handle() - CORE\src\Http\Runner.php, line 73
Cake\Http\Middleware\BodyParserMiddleware::process() - CORE\src\Http\Middleware\BodyParserMiddleware.php, line 157
Cake\Http\Runner::handle() - CORE\src\Http\Runner.php, line 73
Authorization\Middleware\AuthorizationMiddleware::process() - ROOT\vendor\cakephp\authorization\src\Middleware\AuthorizationMiddleware.php, line 129
Cake\Http\Runner::handle() - CORE\src\Http\Runner.php, line 73
Authentication\Middleware\AuthenticationMiddleware::process() - ROOT\vendor\cakephp\authentication\src\Middleware\AuthenticationMiddleware.php, line 124
Cake\Http\Runner::handle() - CORE\src\Http\Runner.php, line 73
Cake\Routing\Middleware\RoutingMiddleware::process() - CORE\src\Routing\Middleware\RoutingMiddleware.php, line 161
Cake\Http\Runner::handle() - CORE\src\Http\Runner.php, line 73
Cake\Error\Middleware\ErrorHandlerMiddleware::process() - CORE\src\Error\Middleware\ErrorHandlerMiddleware.php, line 126
Cake\Http\Runner::handle() - CORE\src\Http\Runner.php, line 73
Cake\Routing\Middleware\AssetMiddleware::process() - CORE\src\Routing\Middleware\AssetMiddleware.php, line 68
Cake\Http\Runner::handle() - CORE\src\Http\Runner.php, line 73
DebugKit\Middleware\DebugKitMiddleware::process() - ROOT\vendor\cakephp\debug_kit\src\Middleware\DebugKitMiddleware.php, line 60
Cake\Http\Runner::handle() - CORE\src\Http\Runner.php, line 73
Cake\Http\Runner::run() - CORE\src\Http\Runner.php, line 58
Cake\Http\Server::run() - CORE\src\Http\Server.php, line 90
[main] - ROOT\webroot\index.php, line 40

2022-05-05 13:16:39 info: Cake Authorization plugin is enabled. If you would like to force DebugKit to ignore it, set `DebugKit.ignoreAuthorization`  Configure option to true.
2022-05-05 13:16:41 notice: Notice (1024): Undefined property: OffersController::$Offers in C:\xampp\htdocs\wedding-planner\src\Controller\OffersController.php on line 24 in [C:\xampp\htdocs\wedding-planner\vendor\cakephp\cakephp\src\Controller\Controller.php, line 329]
Request URL: /OFFERS
Client IP: 127.0.0.1
Trace:
Cake\Error\BaseErrorHandler::handleError() - CORE\src\Error\BaseErrorHandler.php, line 185
DebugKit\Plugin::DebugKit\{closure}() - ROOT\vendor\cakephp\debug_kit\src\Plugin.php, line 123
Cake\Controller\Controller::__get() - CORE\src\Controller\Controller.php, line 329
App\Controller\OffersController::index() - APP/Controller\OffersController.php, line 24
Cake\Controller\Controller::invokeAction() - CORE\src\Controller\Controller.php, line 539
Cake\Controller\ControllerFactory::handle() - CORE\src\Controller\ControllerFactory.php, line 140
Cake\Controller\ControllerFactory::invoke() - CORE\src\Controller\ControllerFactory.php, line 115
Cake\Http\BaseApplication::handle() - CORE\src\Http\BaseApplication.php, line 317
Cake\Http\Runner::handle() - CORE\src\Http\Runner.php, line 77
Cake\Http\Middleware\CsrfProtectionMiddleware::process() - CORE\src\Http\Middleware\CsrfProtectionMiddleware.php, line 174
Cake\Http\Runner::handle() - CORE\src\Http\Runner.php, line 73
Cake\Http\Middleware\BodyParserMiddleware::process() - CORE\src\Http\Middleware\BodyParserMiddleware.php, line 157
Cake\Http\Runner::handle() - CORE\src\Http\Runner.php, line 73
Authorization\Middleware\AuthorizationMiddleware::process() - ROOT\vendor\cakephp\authorization\src\Middleware\AuthorizationMiddleware.php, line 129
Cake\Http\Runner::handle() - CORE\src\Http\Runner.php, line 73
Authentication\Middleware\AuthenticationMiddleware::process() - ROOT\vendor\cakephp\authentication\src\Middleware\AuthenticationMiddleware.php, line 124
Cake\Http\Runner::handle() - CORE\src\Http\Runner.php, line 73
Cake\Routing\Middleware\RoutingMiddleware::process() - CORE\src\Routing\Middleware\RoutingMiddleware.php, line 161
Cake\Http\Runner::handle() - CORE\src\Http\Runner.php, line 73
Cake\Error\Middleware\ErrorHandlerMiddleware::process() - CORE\src\Error\Middleware\ErrorHandlerMiddleware.php, line 126
Cake\Http\Runner::handle() - CORE\src\Http\Runner.php, line 73
Cake\Routing\Middleware\AssetMiddleware::process() - CORE\src\Routing\Middleware\AssetMiddleware.php, line 68
Cake\Http\Runner::handle() - CORE\src\Http\Runner.php, line 73
DebugKit\Middleware\DebugKitMiddleware::process() - ROOT\vendor\cakephp\debug_kit\src\Middleware\DebugKitMiddleware.php, line 60
Cake\Http\Runner::handle() - CORE\src\Http\Runner.php, line 73
Cake\Http\Runner::run() - CORE\src\Http\Runner.php, line 58
Cake\Http\Server::run() - CORE\src\Http\Server.php, line 90
[main] - ROOT\webroot\index.php, line 40

2022-05-05 13:16:42 info: Cake Authorization plugin is enabled. If you would like to force DebugKit to ignore it, set `DebugKit.ignoreAuthorization`  Configure option to true.
2022-05-05 13:17:35 notice: Notice (1024): Undefined property: OffersController::$Offers in C:\xampp\htdocs\wedding-planner\src\Controller\OffersController.php on line 24 in [C:\xampp\htdocs\wedding-planner\vendor\cakephp\cakephp\src\Controller\Controller.php, line 329]
Request URL: /OFFERS
Client IP: 127.0.0.1
Trace:
Cake\Error\BaseErrorHandler::handleError() - CORE\src\Error\BaseErrorHandler.php, line 185
DebugKit\Plugin::DebugKit\{closure}() - ROOT\vendor\cakephp\debug_kit\src\Plugin.php, line 123
Cake\Controller\Controller::__get() - CORE\src\Controller\Controller.php, line 329
App\Controller\OffersController::index() - APP/Controller\OffersController.php, line 24
Cake\Controller\Controller::invokeAction() - CORE\src\Controller\Controller.php, line 539
Cake\Controller\ControllerFactory::handle() - CORE\src\Controller\ControllerFactory.php, line 140
Cake\Controller\ControllerFactory::invoke() - CORE\src\Controller\ControllerFactory.php, line 115
Cake\Http\BaseApplication::handle() - CORE\src\Http\BaseApplication.php, line 317
Cake\Http\Runner::handle() - CORE\src\Http\Runner.php, line 77
Cake\Http\Middleware\CsrfProtectionMiddleware::process() - CORE\src\Http\Middleware\CsrfProtectionMiddleware.php, line 174
Cake\Http\Runner::handle() - CORE\src\Http\Runner.php, line 73
Cake\Http\Middleware\BodyParserMiddleware::process() - CORE\src\Http\Middleware\BodyParserMiddleware.php, line 157
Cake\Http\Runner::handle() - CORE\src\Http\Runner.php, line 73
Authorization\Middleware\AuthorizationMiddleware::process() - ROOT\vendor\cakephp\authorization\src\Middleware\AuthorizationMiddleware.php, line 129
Cake\Http\Runner::handle() - CORE\src\Http\Runner.php, line 73
Authentication\Middleware\AuthenticationMiddleware::process() - ROOT\vendor\cakephp\authentication\src\Middleware\AuthenticationMiddleware.php, line 124
Cake\Http\Runner::handle() - CORE\src\Http\Runner.php, line 73
Cake\Routing\Middleware\RoutingMiddleware::process() - CORE\src\Routing\Middleware\RoutingMiddleware.php, line 161
Cake\Http\Runner::handle() - CORE\src\Http\Runner.php, line 73
Cake\Error\Middleware\ErrorHandlerMiddleware::process() - CORE\src\Error\Middleware\ErrorHandlerMiddleware.php, line 126
Cake\Http\Runner::handle() - CORE\src\Http\Runner.php, line 73
Cake\Routing\Middleware\AssetMiddleware::process() - CORE\src\Routing\Middleware\AssetMiddleware.php, line 68
Cake\Http\Runner::handle() - CORE\src\Http\Runner.php, line 73
DebugKit\Middleware\DebugKitMiddleware::process() - ROOT\vendor\cakephp\debug_kit\src\Middleware\DebugKitMiddleware.php, line 60
Cake\Http\Runner::handle() - CORE\src\Http\Runner.php, line 73
Cake\Http\Runner::run() - CORE\src\Http\Runner.php, line 58
Cake\Http\Server::run() - CORE\src\Http\Server.php, line 90
[main] - ROOT\webroot\index.php, line 40

2022-05-05 13:17:36 info: Cake Authorization plugin is enabled. If you would like to force DebugKit to ignore it, set `DebugKit.ignoreAuthorization`  Configure option to true.
2022-05-05 13:28:52 notice: Notice (1024): Undefined property: OffersController::$Offers in C:\xampp\htdocs\wedding-planner\src\Controller\OffersController.php on line 25 in [C:\xampp\htdocs\wedding-planner\vendor\cakephp\cakephp\src\Controller\Controller.php, line 329]
Request URL: /OFFERS
Client IP: 127.0.0.1
Trace:
Cake\Error\BaseErrorHandler::handleError() - CORE\src\Error\BaseErrorHandler.php, line 185
DebugKit\Plugin::DebugKit\{closure}() - ROOT\vendor\cakephp\debug_kit\src\Plugin.php, line 123
Cake\Controller\Controller::__get() - CORE\src\Controller\Controller.php, line 329
App\Controller\OffersController::index() - APP/Controller\OffersController.php, line 25
Cake\Controller\Controller::invokeAction() - CORE\src\Controller\Controller.php, line 539
Cake\Controller\ControllerFactory::handle() - CORE\src\Controller\ControllerFactory.php, line 140
Cake\Controller\ControllerFactory::invoke() - CORE\src\Controller\ControllerFactory.php, line 115
Cake\Http\BaseApplication::handle() - CORE\src\Http\BaseApplication.php, line 317
Cake\Http\Runner::handle() - CORE\src\Http\Runner.php, line 77
Cake\Http\Middleware\CsrfProtectionMiddleware::process() - CORE\src\Http\Middleware\CsrfProtectionMiddleware.php, line 174
Cake\Http\Runner::handle() - CORE\src\Http\Runner.php, line 73
Cake\Http\Middleware\BodyParserMiddleware::process() - CORE\src\Http\Middleware\BodyParserMiddleware.php, line 157
Cake\Http\Runner::handle() - CORE\src\Http\Runner.php, line 73
Authorization\Middleware\AuthorizationMiddleware::process() - ROOT\vendor\cakephp\authorization\src\Middleware\AuthorizationMiddleware.php, line 129
Cake\Http\Runner::handle() - CORE\src\Http\Runner.php, line 73
Authentication\Middleware\AuthenticationMiddleware::process() - ROOT\vendor\cakephp\authentication\src\Middleware\AuthenticationMiddleware.php, line 124
Cake\Http\Runner::handle() - CORE\src\Http\Runner.php, line 73
Cake\Routing\Middleware\RoutingMiddleware::process() - CORE\src\Routing\Middleware\RoutingMiddleware.php, line 161
Cake\Http\Runner::handle() - CORE\src\Http\Runner.php, line 73
Cake\Error\Middleware\ErrorHandlerMiddleware::process() - CORE\src\Error\Middleware\ErrorHandlerMiddleware.php, line 126
Cake\Http\Runner::handle() - CORE\src\Http\Runner.php, line 73
Cake\Routing\Middleware\AssetMiddleware::process() - CORE\src\Routing\Middleware\AssetMiddleware.php, line 68
Cake\Http\Runner::handle() - CORE\src\Http\Runner.php, line 73
DebugKit\Middleware\DebugKitMiddleware::process() - ROOT\vendor\cakephp\debug_kit\src\Middleware\DebugKitMiddleware.php, line 60
Cake\Http\Runner::handle() - CORE\src\Http\Runner.php, line 73
Cake\Http\Runner::run() - CORE\src\Http\Runner.php, line 58
Cake\Http\Server::run() - CORE\src\Http\Server.php, line 90
[main] - ROOT\webroot\index.php, line 40

2022-05-05 13:28:56 info: Cake Authorization plugin is enabled. If you would like to force DebugKit to ignore it, set `DebugKit.ignoreAuthorization`  Configure option to true.
2022-05-05 13:29:05 info: Cake Authorization plugin is enabled. If you would like to force DebugKit to ignore it, set `DebugKit.ignoreAuthorization`  Configure option to true.
2022-05-05 13:29:10 notice: Notice (1024): Undefined property: OffersController::$Offers in C:\xampp\htdocs\wedding-planner\src\Controller\OffersController.php on line 25 in [C:\xampp\htdocs\wedding-planner\vendor\cakephp\cakephp\src\Controller\Controller.php, line 329]
Request URL: /OFFERS
Client IP: 127.0.0.1
Trace:
Cake\Error\BaseErrorHandler::handleError() - CORE\src\Error\BaseErrorHandler.php, line 185
DebugKit\Plugin::DebugKit\{closure}() - ROOT\vendor\cakephp\debug_kit\src\Plugin.php, line 123
Cake\Controller\Controller::__get() - CORE\src\Controller\Controller.php, line 329
App\Controller\OffersController::index() - APP/Controller\OffersController.php, line 25
Cake\Controller\Controller::invokeAction() - CORE\src\Controller\Controller.php, line 539
Cake\Controller\ControllerFactory::handle() - CORE\src\Controller\ControllerFactory.php, line 140
Cake\Controller\ControllerFactory::invoke() - CORE\src\Controller\ControllerFactory.php, line 115
Cake\Http\BaseApplication::handle() - CORE\src\Http\BaseApplication.php, line 317
Cake\Http\Runner::handle() - CORE\src\Http\Runner.php, line 77
Cake\Http\Middleware\CsrfProtectionMiddleware::process() - CORE\src\Http\Middleware\CsrfProtectionMiddleware.php, line 174
Cake\Http\Runner::handle() - CORE\src\Http\Runner.php, line 73
Cake\Http\Middleware\BodyParserMiddleware::process() - CORE\src\Http\Middleware\BodyParserMiddleware.php, line 157
Cake\Http\Runner::handle() - CORE\src\Http\Runner.php, line 73
Authorization\Middleware\AuthorizationMiddleware::process() - ROOT\vendor\cakephp\authorization\src\Middleware\AuthorizationMiddleware.php, line 129
Cake\Http\Runner::handle() - CORE\src\Http\Runner.php, line 73
Authentication\Middleware\AuthenticationMiddleware::process() - ROOT\vendor\cakephp\authentication\src\Middleware\AuthenticationMiddleware.php, line 124
Cake\Http\Runner::handle() - CORE\src\Http\Runner.php, line 73
Cake\Routing\Middleware\RoutingMiddleware::process() - CORE\src\Routing\Middleware\RoutingMiddleware.php, line 161
Cake\Http\Runner::handle() - CORE\src\Http\Runner.php, line 73
Cake\Error\Middleware\ErrorHandlerMiddleware::process() - CORE\src\Error\Middleware\ErrorHandlerMiddleware.php, line 126
Cake\Http\Runner::handle() - CORE\src\Http\Runner.php, line 73
Cake\Routing\Middleware\AssetMiddleware::process() - CORE\src\Routing\Middleware\AssetMiddleware.php, line 68
Cake\Http\Runner::handle() - CORE\src\Http\Runner.php, line 73
DebugKit\Middleware\DebugKitMiddleware::process() - ROOT\vendor\cakephp\debug_kit\src\Middleware\DebugKitMiddleware.php, line 60
Cake\Http\Runner::handle() - CORE\src\Http\Runner.php, line 73
Cake\Http\Runner::run() - CORE\src\Http\Runner.php, line 58
Cake\Http\Server::run() - CORE\src\Http\Server.php, line 90
[main] - ROOT\webroot\index.php, line 40

2022-05-05 13:29:11 info: Cake Authorization plugin is enabled. If you would like to force DebugKit to ignore it, set `DebugKit.ignoreAuthorization`  Configure option to true.
2022-05-05 13:29:25 info: Cake Authorization plugin is enabled. If you would like to force DebugKit to ignore it, set `DebugKit.ignoreAuthorization`  Configure option to true.
2022-05-05 13:29:35 info: Cake Authorization plugin is enabled. If you would like to force DebugKit to ignore it, set `DebugKit.ignoreAuthorization`  Configure option to true.
2022-05-05 13:29:44 info: Cake Authorization plugin is enabled. If you would like to force DebugKit to ignore it, set `DebugKit.ignoreAuthorization`  Configure option to true.
2022-05-05 13:29:54 info: Cake Authorization plugin is enabled. If you would like to force DebugKit to ignore it, set `DebugKit.ignoreAuthorization`  Configure option to true.
2022-05-05 13:35:13 info: Cake Authorization plugin is enabled. If you would like to force DebugKit to ignore it, set `DebugKit.ignoreAuthorization`  Configure option to true.
2022-05-05 13:35:36 info: Cake Authorization plugin is enabled. If you would like to force DebugKit to ignore it, set `DebugKit.ignoreAuthorization`  Configure option to true.
2022-05-05 13:35:50 info: Cake Authorization plugin is enabled. If you would like to force DebugKit to ignore it, set `DebugKit.ignoreAuthorization`  Configure option to true.
2022-05-05 13:36:04 info: Cake Authorization plugin is enabled. If you would like to force DebugKit to ignore it, set `DebugKit.ignoreAuthorization`  Configure option to true.
2022-05-05 13:36:14 info: Cake Authorization plugin is enabled. If you would like to force DebugKit to ignore it, set `DebugKit.ignoreAuthorization`  Configure option to true.
2022-05-05 20:25:05 info: Cake Authorization plugin is enabled. If you would like to force DebugKit to ignore it, set `DebugKit.ignoreAuthorization`  Configure option to true.
2022-05-05 20:32:29 info: Cake Authorization plugin is enabled. If you would like to force DebugKit to ignore it, set `DebugKit.ignoreAuthorization`  Configure option to true.
2022-05-05 20:42:49 info: Cake Authorization plugin is enabled. If you would like to force DebugKit to ignore it, set `DebugKit.ignoreAuthorization`  Configure option to true.
2022-05-05 20:42:53 info: Cake Authorization plugin is enabled. If you would like to force DebugKit to ignore it, set `DebugKit.ignoreAuthorization`  Configure option to true.
2022-05-05 20:43:00 info: Cake Authorization plugin is enabled. If you would like to force DebugKit to ignore it, set `DebugKit.ignoreAuthorization`  Configure option to true.
2022-05-05 20:43:04 info: Cake Authorization plugin is enabled. If you would like to force DebugKit to ignore it, set `DebugKit.ignoreAuthorization`  Configure option to true.
2022-05-05 20:43:07 info: Cake Authorization plugin is enabled. If you would like to force DebugKit to ignore it, set `DebugKit.ignoreAuthorization`  Configure option to true.
2022-05-05 20:43:12 info: Cake Authorization plugin is enabled. If you would like to force DebugKit to ignore it, set `DebugKit.ignoreAuthorization`  Configure option to true.
2022-05-05 21:14:47 info: Cake Authorization plugin is enabled. If you would like to force DebugKit to ignore it, set `DebugKit.ignoreAuthorization`  Configure option to true.
2022-05-05 21:14:56 info: Cake Authorization plugin is enabled. If you would like to force DebugKit to ignore it, set `DebugKit.ignoreAuthorization`  Configure option to true.
2022-05-05 21:17:01 info: Cake Authorization plugin is enabled. If you would like to force DebugKit to ignore it, set `DebugKit.ignoreAuthorization`  Configure option to true.
2022-05-05 21:17:16 info: Cake Authorization plugin is enabled. If you would like to force DebugKit to ignore it, set `DebugKit.ignoreAuthorization`  Configure option to true.
2022-05-05 21:17:21 info: Cake Authorization plugin is enabled. If you would like to force DebugKit to ignore it, set `DebugKit.ignoreAuthorization`  Configure option to true.
2022-05-05 21:17:31 info: Cake Authorization plugin is enabled. If you would like to force DebugKit to ignore it, set `DebugKit.ignoreAuthorization`  Configure option to true.
2022-05-05 21:25:21 info: Cake Authorization plugin is enabled. If you would like to force DebugKit to ignore it, set `DebugKit.ignoreAuthorization`  Configure option to true.
2022-05-05 21:25:33 info: Cake Authorization plugin is enabled. If you would like to force DebugKit to ignore it, set `DebugKit.ignoreAuthorization`  Configure option to true.
2022-05-05 21:25:40 info: Cake Authorization plugin is enabled. If you would like to force DebugKit to ignore it, set `DebugKit.ignoreAuthorization`  Configure option to true.
