2022-05-05 12:00:15 error: [Cake\ORM\Exception\MissingTableClassException] Table class for alias `SavedUserBookings` could not be found. in C:\web\xampp\htdocs\wedding-planner\vendor\cakephp\cakephp\src\ORM\Locator\TableLocator.php on line 245
Exception Attributes: array (
  0 => 'for alias `SavedUserBookings`',
)
Stack Trace:
- C:\web\xampp\htdocs\wedding-planner\vendor\cakephp\cakephp\src\Datasource\Locator\AbstractLocator.php:68
- C:\web\xampp\htdocs\wedding-planner\vendor\cakephp\cakephp\src\ORM\Locator\TableLocator.php:205
- C:\web\xampp\htdocs\wedding-planner\vendor\cakephp\cakephp\src\ORM\Association.php:403
- C:\web\xampp\htdocs\wedding-planner\vendor\cakephp\cakephp\src\ORM\Query.php:506
- C:\web\xampp\htdocs\wedding-planner\vendor\cakephp\cakephp\src\ORM\Query.php:462
- C:\web\xampp\htdocs\wedding-planner\vendor\cakephp\cakephp\src\ORM\Query.php:848
- C:\web\xampp\htdocs\wedding-planner\vendor\cakephp\cakephp\src\ORM\Table.php:2510
- C:\web\xampp\htdocs\wedding-planner\vendor\cakephp\cakephp\src\ORM\Table.php:1263
- C:\web\xampp\htdocs\wedding-planner\vendor\cakephp\cakephp\src\ORM\Table.php:1526
- C:\web\xampp\htdocs\wedding-planner\src\Controller\UsersController.php:39
- C:\web\xampp\htdocs\wedding-planner\vendor\cakephp\cakephp\src\Controller\Controller.php:539
- C:\web\xampp\htdocs\wedding-planner\vendor\cakephp\cakephp\src\Controller\ControllerFactory.php:140
- C:\web\xampp\htdocs\wedding-planner\vendor\cakephp\cakephp\src\Controller\ControllerFactory.php:115
- C:\web\xampp\htdocs\wedding-planner\vendor\cakephp\cakephp\src\Http\BaseApplication.php:317
- C:\web\xampp\htdocs\wedding-planner\vendor\cakephp\cakephp\src\Http\Runner.php:77
- C:\web\xampp\htdocs\wedding-planner\vendor\cakephp\cakephp\src\Http\Middleware\CsrfProtectionMiddleware.php:174
- C:\web\xampp\htdocs\wedding-planner\vendor\cakephp\cakephp\src\Http\Runner.php:73
- C:\web\xampp\htdocs\wedding-planner\vendor\cakephp\cakephp\src\Http\Middleware\BodyParserMiddleware.php:157
- C:\web\xampp\htdocs\wedding-planner\vendor\cakephp\cakephp\src\Http\Runner.php:73
- C:\web\xampp\htdocs\wedding-planner\vendor\cakephp\cakephp\src\Routing\Middleware\RoutingMiddleware.php:161
- C:\web\xampp\htdocs\wedding-planner\vendor\cakephp\cakephp\src\Http\Runner.php:73
- C:\web\xampp\htdocs\wedding-planner\vendor\cakephp\cakephp\src\Routing\Middleware\AssetMiddleware.php:68
- C:\web\xampp\htdocs\wedding-planner\vendor\cakephp\cakephp\src\Http\Runner.php:73
- C:\web\xampp\htdocs\wedding-planner\vendor\cakephp\cakephp\src\Error\Middleware\ErrorHandlerMiddleware.php:126
- C:\web\xampp\htdocs\wedding-planner\vendor\cakephp\cakephp\src\Http\Runner.php:73
- C:\web\xampp\htdocs\wedding-planner\vendor\cakephp\debug_kit\src\Middleware\DebugKitMiddleware.php:60
- C:\web\xampp\htdocs\wedding-planner\vendor\cakephp\cakephp\src\Http\Runner.php:73
- C:\web\xampp\htdocs\wedding-planner\vendor\cakephp\cakephp\src\Http\Runner.php:58
- C:\web\xampp\htdocs\wedding-planner\vendor\cakephp\cakephp\src\Http\Server.php:90
- C:\web\xampp\htdocs\wedding-planner\webroot\index.php:40

Request URL: /users/view/2
Referer URL: http://localhost/wedding-planner/users


2022-05-05 12:00:50 error: [Cake\ORM\Exception\MissingTableClassException] Table class for alias `SavedUserBookings` could not be found. in C:\web\xampp\htdocs\wedding-planner\vendor\cakephp\cakephp\src\ORM\Locator\TableLocator.php on line 245
Exception Attributes: array (
  0 => 'for alias `SavedUserBookings`',
)
Stack Trace:
- C:\web\xampp\htdocs\wedding-planner\vendor\cakephp\cakephp\src\Datasource\Locator\AbstractLocator.php:68
- C:\web\xampp\htdocs\wedding-planner\vendor\cakephp\cakephp\src\ORM\Locator\TableLocator.php:205
- C:\web\xampp\htdocs\wedding-planner\vendor\cakephp\cakephp\src\ORM\Association.php:403
- C:\web\xampp\htdocs\wedding-planner\vendor\cakephp\cakephp\src\ORM\Query.php:506
- C:\web\xampp\htdocs\wedding-planner\vendor\cakephp\cakephp\src\ORM\Query.php:462
- C:\web\xampp\htdocs\wedding-planner\vendor\cakephp\cakephp\src\ORM\Query.php:848
- C:\web\xampp\htdocs\wedding-planner\vendor\cakephp\cakephp\src\ORM\Table.php:2510
- C:\web\xampp\htdocs\wedding-planner\vendor\cakephp\cakephp\src\ORM\Table.php:1263
- C:\web\xampp\htdocs\wedding-planner\vendor\cakephp\cakephp\src\ORM\Table.php:1526
- C:\web\xampp\htdocs\wedding-planner\src\Controller\UsersController.php:39
- C:\web\xampp\htdocs\wedding-planner\vendor\cakephp\cakephp\src\Controller\Controller.php:539
- C:\web\xampp\htdocs\wedding-planner\vendor\cakephp\cakephp\src\Controller\ControllerFactory.php:140
- C:\web\xampp\htdocs\wedding-planner\vendor\cakephp\cakephp\src\Controller\ControllerFactory.php:115
- C:\web\xampp\htdocs\wedding-planner\vendor\cakephp\cakephp\src\Http\BaseApplication.php:317
- C:\web\xampp\htdocs\wedding-planner\vendor\cakephp\cakephp\src\Http\Runner.php:77
- C:\web\xampp\htdocs\wedding-planner\vendor\cakephp\cakephp\src\Http\Middleware\CsrfProtectionMiddleware.php:174
- C:\web\xampp\htdocs\wedding-planner\vendor\cakephp\cakephp\src\Http\Runner.php:73
- C:\web\xampp\htdocs\wedding-planner\vendor\cakephp\cakephp\src\Http\Middleware\BodyParserMiddleware.php:157
- C:\web\xampp\htdocs\wedding-planner\vendor\cakephp\cakephp\src\Http\Runner.php:73
- C:\web\xampp\htdocs\wedding-planner\vendor\cakephp\cakephp\src\Routing\Middleware\RoutingMiddleware.php:161
- C:\web\xampp\htdocs\wedding-planner\vendor\cakephp\cakephp\src\Http\Runner.php:73
- C:\web\xampp\htdocs\wedding-planner\vendor\cakephp\cakephp\src\Routing\Middleware\AssetMiddleware.php:68
- C:\web\xampp\htdocs\wedding-planner\vendor\cakephp\cakephp\src\Http\Runner.php:73
- C:\web\xampp\htdocs\wedding-planner\vendor\cakephp\cakephp\src\Error\Middleware\ErrorHandlerMiddleware.php:126
- C:\web\xampp\htdocs\wedding-planner\vendor\cakephp\cakephp\src\Http\Runner.php:73
- C:\web\xampp\htdocs\wedding-planner\vendor\cakephp\debug_kit\src\Middleware\DebugKitMiddleware.php:60
- C:\web\xampp\htdocs\wedding-planner\vendor\cakephp\cakephp\src\Http\Runner.php:73
- C:\web\xampp\htdocs\wedding-planner\vendor\cakephp\cakephp\src\Http\Runner.php:58
- C:\web\xampp\htdocs\wedding-planner\vendor\cakephp\cakephp\src\Http\Server.php:90
- C:\web\xampp\htdocs\wedding-planner\webroot\index.php:40

Request URL: /users/view/2
Referer URL: http://localhost/wedding-planner/users


2022-05-05 12:01:40 error: [Cake\Http\Exception\MissingControllerException] Controller class Account_types could not be found. in C:\web\xampp\htdocs\wedding-planner\vendor\cakephp\cakephp\src\Controller\ControllerFactory.php on line 349
Exception Attributes: array (
  'class' => 'Account_types',
  'plugin' => NULL,
  'prefix' => NULL,
  '_ext' => NULL,
)
Stack Trace:
- C:\web\xampp\htdocs\wedding-planner\vendor\cakephp\cakephp\src\Controller\ControllerFactory.php:74
- C:\web\xampp\htdocs\wedding-planner\vendor\cakephp\cakephp\src\Http\BaseApplication.php:315
- C:\web\xampp\htdocs\wedding-planner\vendor\cakephp\cakephp\src\Http\Runner.php:77
- C:\web\xampp\htdocs\wedding-planner\vendor\cakephp\cakephp\src\Http\Middleware\CsrfProtectionMiddleware.php:174
- C:\web\xampp\htdocs\wedding-planner\vendor\cakephp\cakephp\src\Http\Runner.php:73
- C:\web\xampp\htdocs\wedding-planner\vendor\cakephp\cakephp\src\Http\Middleware\BodyParserMiddleware.php:157
- C:\web\xampp\htdocs\wedding-planner\vendor\cakephp\cakephp\src\Http\Runner.php:73
- C:\web\xampp\htdocs\wedding-planner\vendor\cakephp\cakephp\src\Routing\Middleware\RoutingMiddleware.php:161
- C:\web\xampp\htdocs\wedding-planner\vendor\cakephp\cakephp\src\Http\Runner.php:73
- C:\web\xampp\htdocs\wedding-planner\vendor\cakephp\cakephp\src\Routing\Middleware\AssetMiddleware.php:68
- C:\web\xampp\htdocs\wedding-planner\vendor\cakephp\cakephp\src\Http\Runner.php:73
- C:\web\xampp\htdocs\wedding-planner\vendor\cakephp\cakephp\src\Error\Middleware\ErrorHandlerMiddleware.php:126
- C:\web\xampp\htdocs\wedding-planner\vendor\cakephp\cakephp\src\Http\Runner.php:73
- C:\web\xampp\htdocs\wedding-planner\vendor\cakephp\debug_kit\src\Middleware\DebugKitMiddleware.php:60
- C:\web\xampp\htdocs\wedding-planner\vendor\cakephp\cakephp\src\Http\Runner.php:73
- C:\web\xampp\htdocs\wedding-planner\vendor\cakephp\cakephp\src\Http\Runner.php:58
- C:\web\xampp\htdocs\wedding-planner\vendor\cakephp\cakephp\src\Http\Server.php:90
- C:\web\xampp\htdocs\wedding-planner\webroot\index.php:40

Request URL: /account_types


2022-05-05 12:02:39 error: [Cake\Datasource\Exception\InvalidPrimaryKeyException] Record not found in table "bookings" with primary key [NULL] in C:\web\xampp\htdocs\wedding-planner\vendor\cakephp\cakephp\src\ORM\Table.php on line 1513
Stack Trace:
- C:\web\xampp\htdocs\wedding-planner\src\Controller\BookingsController.php:39
- C:\web\xampp\htdocs\wedding-planner\vendor\cakephp\cakephp\src\Controller\Controller.php:539
- C:\web\xampp\htdocs\wedding-planner\vendor\cakephp\cakephp\src\Controller\ControllerFactory.php:140
- C:\web\xampp\htdocs\wedding-planner\vendor\cakephp\cakephp\src\Controller\ControllerFactory.php:115
- C:\web\xampp\htdocs\wedding-planner\vendor\cakephp\cakephp\src\Http\BaseApplication.php:317
- C:\web\xampp\htdocs\wedding-planner\vendor\cakephp\cakephp\src\Http\Runner.php:77
- C:\web\xampp\htdocs\wedding-planner\vendor\cakephp\cakephp\src\Http\Middleware\CsrfProtectionMiddleware.php:174
- C:\web\xampp\htdocs\wedding-planner\vendor\cakephp\cakephp\src\Http\Runner.php:73
- C:\web\xampp\htdocs\wedding-planner\vendor\cakephp\cakephp\src\Http\Middleware\BodyParserMiddleware.php:157
- C:\web\xampp\htdocs\wedding-planner\vendor\cakephp\cakephp\src\Http\Runner.php:73
- C:\web\xampp\htdocs\wedding-planner\vendor\cakephp\cakephp\src\Routing\Middleware\RoutingMiddleware.php:161
- C:\web\xampp\htdocs\wedding-planner\vendor\cakephp\cakephp\src\Http\Runner.php:73
- C:\web\xampp\htdocs\wedding-planner\vendor\cakephp\cakephp\src\Routing\Middleware\AssetMiddleware.php:68
- C:\web\xampp\htdocs\wedding-planner\vendor\cakephp\cakephp\src\Http\Runner.php:73
- C:\web\xampp\htdocs\wedding-planner\vendor\cakephp\cakephp\src\Error\Middleware\ErrorHandlerMiddleware.php:126
- C:\web\xampp\htdocs\wedding-planner\vendor\cakephp\cakephp\src\Http\Runner.php:73
- C:\web\xampp\htdocs\wedding-planner\vendor\cakephp\debug_kit\src\Middleware\DebugKitMiddleware.php:60
- C:\web\xampp\htdocs\wedding-planner\vendor\cakephp\cakephp\src\Http\Runner.php:73
- C:\web\xampp\htdocs\wedding-planner\vendor\cakephp\cakephp\src\Http\Runner.php:58
- C:\web\xampp\htdocs\wedding-planner\vendor\cakephp\cakephp\src\Http\Server.php:90
- C:\web\xampp\htdocs\wedding-planner\webroot\index.php:40

Request URL: /bookings/view


2022-05-05 12:03:36 error: [Cake\ORM\Exception\MissingTableClassException] Table class for alias `SavedUserBookings` could not be found. in C:\web\xampp\htdocs\wedding-planner\vendor\cakephp\cakephp\src\ORM\Locator\TableLocator.php on line 245
Exception Attributes: array (
  0 => 'for alias `SavedUserBookings`',
)
Stack Trace:
- C:\web\xampp\htdocs\wedding-planner\vendor\cakephp\cakephp\src\Datasource\Locator\AbstractLocator.php:68
- C:\web\xampp\htdocs\wedding-planner\vendor\cakephp\cakephp\src\ORM\Locator\TableLocator.php:205
- C:\web\xampp\htdocs\wedding-planner\vendor\cakephp\cakephp\src\ORM\Association.php:403
- C:\web\xampp\htdocs\wedding-planner\vendor\cakephp\cakephp\src\ORM\Query.php:506
- C:\web\xampp\htdocs\wedding-planner\vendor\cakephp\cakephp\src\ORM\Query.php:462
- C:\web\xampp\htdocs\wedding-planner\vendor\cakephp\cakephp\src\ORM\Query.php:848
- C:\web\xampp\htdocs\wedding-planner\vendor\cakephp\cakephp\src\ORM\Table.php:2510
- C:\web\xampp\htdocs\wedding-planner\vendor\cakephp\cakephp\src\ORM\Table.php:1263
- C:\web\xampp\htdocs\wedding-planner\vendor\cakephp\cakephp\src\ORM\Table.php:1526
- C:\web\xampp\htdocs\wedding-planner\src\Controller\UsersController.php:39
- C:\web\xampp\htdocs\wedding-planner\vendor\cakephp\cakephp\src\Controller\Controller.php:539
- C:\web\xampp\htdocs\wedding-planner\vendor\cakephp\cakephp\src\Controller\ControllerFactory.php:140
- C:\web\xampp\htdocs\wedding-planner\vendor\cakephp\cakephp\src\Controller\ControllerFactory.php:115
- C:\web\xampp\htdocs\wedding-planner\vendor\cakephp\cakephp\src\Http\BaseApplication.php:317
- C:\web\xampp\htdocs\wedding-planner\vendor\cakephp\cakephp\src\Http\Runner.php:77
- C:\web\xampp\htdocs\wedding-planner\vendor\cakephp\cakephp\src\Http\Middleware\CsrfProtectionMiddleware.php:174
- C:\web\xampp\htdocs\wedding-planner\vendor\cakephp\cakephp\src\Http\Runner.php:73
- C:\web\xampp\htdocs\wedding-planner\vendor\cakephp\cakephp\src\Http\Middleware\BodyParserMiddleware.php:157
- C:\web\xampp\htdocs\wedding-planner\vendor\cakephp\cakephp\src\Http\Runner.php:73
- C:\web\xampp\htdocs\wedding-planner\vendor\cakephp\cakephp\src\Routing\Middleware\RoutingMiddleware.php:161
- C:\web\xampp\htdocs\wedding-planner\vendor\cakephp\cakephp\src\Http\Runner.php:73
- C:\web\xampp\htdocs\wedding-planner\vendor\cakephp\cakephp\src\Routing\Middleware\AssetMiddleware.php:68
- C:\web\xampp\htdocs\wedding-planner\vendor\cakephp\cakephp\src\Http\Runner.php:73
- C:\web\xampp\htdocs\wedding-planner\vendor\cakephp\cakephp\src\Error\Middleware\ErrorHandlerMiddleware.php:126
- C:\web\xampp\htdocs\wedding-planner\vendor\cakephp\cakephp\src\Http\Runner.php:73
- C:\web\xampp\htdocs\wedding-planner\vendor\cakephp\debug_kit\src\Middleware\DebugKitMiddleware.php:60
- C:\web\xampp\htdocs\wedding-planner\vendor\cakephp\cakephp\src\Http\Runner.php:73
- C:\web\xampp\htdocs\wedding-planner\vendor\cakephp\cakephp\src\Http\Runner.php:58
- C:\web\xampp\htdocs\wedding-planner\vendor\cakephp\cakephp\src\Http\Server.php:90
- C:\web\xampp\htdocs\wedding-planner\webroot\index.php:40

Request URL: /users/view/2
Referer URL: http://localhost/wedding-planner/users


2022-05-05 12:04:49 error: [Error] Call to a member function newEmptyEntity() on null in C:\web\xampp\htdocs\wedding-planner\src\Controller\AccountTypesController.php on line 49
Stack Trace:
- C:\web\xampp\htdocs\wedding-planner\vendor\cakephp\cakephp\src\Controller\Controller.php:539
- C:\web\xampp\htdocs\wedding-planner\vendor\cakephp\cakephp\src\Controller\ControllerFactory.php:140
- C:\web\xampp\htdocs\wedding-planner\vendor\cakephp\cakephp\src\Controller\ControllerFactory.php:115
- C:\web\xampp\htdocs\wedding-planner\vendor\cakephp\cakephp\src\Http\BaseApplication.php:317
- C:\web\xampp\htdocs\wedding-planner\vendor\cakephp\cakephp\src\Http\Runner.php:77
- C:\web\xampp\htdocs\wedding-planner\vendor\cakephp\cakephp\src\Http\Middleware\CsrfProtectionMiddleware.php:174
- C:\web\xampp\htdocs\wedding-planner\vendor\cakephp\cakephp\src\Http\Runner.php:73
- C:\web\xampp\htdocs\wedding-planner\vendor\cakephp\cakephp\src\Http\Middleware\BodyParserMiddleware.php:157
- C:\web\xampp\htdocs\wedding-planner\vendor\cakephp\cakephp\src\Http\Runner.php:73
- C:\web\xampp\htdocs\wedding-planner\vendor\cakephp\cakephp\src\Routing\Middleware\RoutingMiddleware.php:161
- C:\web\xampp\htdocs\wedding-planner\vendor\cakephp\cakephp\src\Http\Runner.php:73
- C:\web\xampp\htdocs\wedding-planner\vendor\cakephp\cakephp\src\Routing\Middleware\AssetMiddleware.php:68
- C:\web\xampp\htdocs\wedding-planner\vendor\cakephp\cakephp\src\Http\Runner.php:73
- C:\web\xampp\htdocs\wedding-planner\vendor\cakephp\cakephp\src\Error\Middleware\ErrorHandlerMiddleware.php:126
- C:\web\xampp\htdocs\wedding-planner\vendor\cakephp\cakephp\src\Http\Runner.php:73
- C:\web\xampp\htdocs\wedding-planner\vendor\cakephp\debug_kit\src\Middleware\DebugKitMiddleware.php:60
- C:\web\xampp\htdocs\wedding-planner\vendor\cakephp\cakephp\src\Http\Runner.php:73
- C:\web\xampp\htdocs\wedding-planner\vendor\cakephp\cakephp\src\Http\Runner.php:58
- C:\web\xampp\htdocs\wedding-planner\vendor\cakephp\cakephp\src\Http\Server.php:90
- C:\web\xampp\htdocs\wedding-planner\webroot\index.php:40

Request URL: /accounttypes/add
Referer URL: http://localhost/wedding-planner/accounttypes


2022-05-05 12:29:21 error: [Cake\Http\Exception\MissingControllerException] Controller class Articles could not be found. in C:\web\xampp\htdocs\wedding-planner\vendor\cakephp\cakephp\src\Controller\ControllerFactory.php on line 349
Exception Attributes: array (
  'class' => 'Articles',
  'plugin' => NULL,
  'prefix' => NULL,
  '_ext' => NULL,
)
Stack Trace:
- C:\web\xampp\htdocs\wedding-planner\vendor\cakephp\cakephp\src\Controller\ControllerFactory.php:74
- C:\web\xampp\htdocs\wedding-planner\vendor\cakephp\cakephp\src\Http\BaseApplication.php:315
- C:\web\xampp\htdocs\wedding-planner\vendor\cakephp\cakephp\src\Http\Runner.php:77
- C:\web\xampp\htdocs\wedding-planner\vendor\cakephp\cakephp\src\Http\Middleware\CsrfProtectionMiddleware.php:174
- C:\web\xampp\htdocs\wedding-planner\vendor\cakephp\cakephp\src\Http\Runner.php:73
- C:\web\xampp\htdocs\wedding-planner\vendor\cakephp\cakephp\src\Http\Middleware\BodyParserMiddleware.php:157
- C:\web\xampp\htdocs\wedding-planner\vendor\cakephp\cakephp\src\Http\Runner.php:73
- C:\web\xampp\htdocs\wedding-planner\vendor\cakephp\authentication\src\Middleware\AuthenticationMiddleware.php:124
- C:\web\xampp\htdocs\wedding-planner\vendor\cakephp\cakephp\src\Http\Runner.php:73
- C:\web\xampp\htdocs\wedding-planner\vendor\cakephp\cakephp\src\Routing\Middleware\RoutingMiddleware.php:161
- C:\web\xampp\htdocs\wedding-planner\vendor\cakephp\cakephp\src\Http\Runner.php:73
- C:\web\xampp\htdocs\wedding-planner\vendor\cakephp\cakephp\src\Error\Middleware\ErrorHandlerMiddleware.php:126
- C:\web\xampp\htdocs\wedding-planner\vendor\cakephp\cakephp\src\Http\Runner.php:73
- C:\web\xampp\htdocs\wedding-planner\vendor\cakephp\cakephp\src\Routing\Middleware\AssetMiddleware.php:68
- C:\web\xampp\htdocs\wedding-planner\vendor\cakephp\cakephp\src\Http\Runner.php:73
- C:\web\xampp\htdocs\wedding-planner\vendor\cakephp\debug_kit\src\Middleware\DebugKitMiddleware.php:60
- C:\web\xampp\htdocs\wedding-planner\vendor\cakephp\cakephp\src\Http\Runner.php:73
- C:\web\xampp\htdocs\wedding-planner\vendor\cakephp\cakephp\src\Http\Runner.php:58
- C:\web\xampp\htdocs\wedding-planner\vendor\cakephp\cakephp\src\Http\Server.php:90
- C:\web\xampp\htdocs\wedding-planner\webroot\index.php:40

Request URL: /articles
Referer URL: http://localhost/wedding-planner/users/login


2022-05-05 12:30:29 error: [Cake\Http\Exception\MissingControllerException] Controller class Articles could not be found. in C:\web\xampp\htdocs\wedding-planner\vendor\cakephp\cakephp\src\Controller\ControllerFactory.php on line 349
Exception Attributes: array (
  'class' => 'Articles',
  'plugin' => NULL,
  'prefix' => NULL,
  '_ext' => NULL,
)
Stack Trace:
- C:\web\xampp\htdocs\wedding-planner\vendor\cakephp\cakephp\src\Controller\ControllerFactory.php:74
- C:\web\xampp\htdocs\wedding-planner\vendor\cakephp\cakephp\src\Http\BaseApplication.php:315
- C:\web\xampp\htdocs\wedding-planner\vendor\cakephp\cakephp\src\Http\Runner.php:77
- C:\web\xampp\htdocs\wedding-planner\vendor\cakephp\cakephp\src\Http\Middleware\CsrfProtectionMiddleware.php:174
- C:\web\xampp\htdocs\wedding-planner\vendor\cakephp\cakephp\src\Http\Runner.php:73
- C:\web\xampp\htdocs\wedding-planner\vendor\cakephp\cakephp\src\Http\Middleware\BodyParserMiddleware.php:157
- C:\web\xampp\htdocs\wedding-planner\vendor\cakephp\cakephp\src\Http\Runner.php:73
- C:\web\xampp\htdocs\wedding-planner\vendor\cakephp\authentication\src\Middleware\AuthenticationMiddleware.php:124
- C:\web\xampp\htdocs\wedding-planner\vendor\cakephp\cakephp\src\Http\Runner.php:73
- C:\web\xampp\htdocs\wedding-planner\vendor\cakephp\cakephp\src\Routing\Middleware\RoutingMiddleware.php:161
- C:\web\xampp\htdocs\wedding-planner\vendor\cakephp\cakephp\src\Http\Runner.php:73
- C:\web\xampp\htdocs\wedding-planner\vendor\cakephp\cakephp\src\Error\Middleware\ErrorHandlerMiddleware.php:126
- C:\web\xampp\htdocs\wedding-planner\vendor\cakephp\cakephp\src\Http\Runner.php:73
- C:\web\xampp\htdocs\wedding-planner\vendor\cakephp\cakephp\src\Routing\Middleware\AssetMiddleware.php:68
- C:\web\xampp\htdocs\wedding-planner\vendor\cakephp\cakephp\src\Http\Runner.php:73
- C:\web\xampp\htdocs\wedding-planner\vendor\cakephp\debug_kit\src\Middleware\DebugKitMiddleware.php:60
- C:\web\xampp\htdocs\wedding-planner\vendor\cakephp\cakephp\src\Http\Runner.php:73
- C:\web\xampp\htdocs\wedding-planner\vendor\cakephp\cakephp\src\Http\Runner.php:58
- C:\web\xampp\htdocs\wedding-planner\vendor\cakephp\cakephp\src\Http\Server.php:90
- C:\web\xampp\htdocs\wedding-planner\webroot\index.php:40

Request URL: /articles


2022-05-05 12:30:39 error: [Cake\Http\Exception\MissingControllerException] Controller class Articles could not be found. in C:\web\xampp\htdocs\wedding-planner\vendor\cakephp\cakephp\src\Controller\ControllerFactory.php on line 349
Exception Attributes: array (
  'class' => 'Articles',
  'plugin' => NULL,
  'prefix' => NULL,
  '_ext' => NULL,
)
Stack Trace:
- C:\web\xampp\htdocs\wedding-planner\vendor\cakephp\cakephp\src\Controller\ControllerFactory.php:74
- C:\web\xampp\htdocs\wedding-planner\vendor\cakephp\cakephp\src\Http\BaseApplication.php:315
- C:\web\xampp\htdocs\wedding-planner\vendor\cakephp\cakephp\src\Http\Runner.php:77
- C:\web\xampp\htdocs\wedding-planner\vendor\cakephp\cakephp\src\Http\Middleware\CsrfProtectionMiddleware.php:174
- C:\web\xampp\htdocs\wedding-planner\vendor\cakephp\cakephp\src\Http\Runner.php:73
- C:\web\xampp\htdocs\wedding-planner\vendor\cakephp\cakephp\src\Http\Middleware\BodyParserMiddleware.php:157
- C:\web\xampp\htdocs\wedding-planner\vendor\cakephp\cakephp\src\Http\Runner.php:73
- C:\web\xampp\htdocs\wedding-planner\vendor\cakephp\authentication\src\Middleware\AuthenticationMiddleware.php:124
- C:\web\xampp\htdocs\wedding-planner\vendor\cakephp\cakephp\src\Http\Runner.php:73
- C:\web\xampp\htdocs\wedding-planner\vendor\cakephp\cakephp\src\Routing\Middleware\RoutingMiddleware.php:161
- C:\web\xampp\htdocs\wedding-planner\vendor\cakephp\cakephp\src\Http\Runner.php:73
- C:\web\xampp\htdocs\wedding-planner\vendor\cakephp\cakephp\src\Error\Middleware\ErrorHandlerMiddleware.php:126
- C:\web\xampp\htdocs\wedding-planner\vendor\cakephp\cakephp\src\Http\Runner.php:73
- C:\web\xampp\htdocs\wedding-planner\vendor\cakephp\cakephp\src\Routing\Middleware\AssetMiddleware.php:68
- C:\web\xampp\htdocs\wedding-planner\vendor\cakephp\cakephp\src\Http\Runner.php:73
- C:\web\xampp\htdocs\wedding-planner\vendor\cakephp\debug_kit\src\Middleware\DebugKitMiddleware.php:60
- C:\web\xampp\htdocs\wedding-planner\vendor\cakephp\cakephp\src\Http\Runner.php:73
- C:\web\xampp\htdocs\wedding-planner\vendor\cakephp\cakephp\src\Http\Runner.php:58
- C:\web\xampp\htdocs\wedding-planner\vendor\cakephp\cakephp\src\Http\Server.php:90
- C:\web\xampp\htdocs\wedding-planner\webroot\index.php:40

Request URL: /articles


